<?xml version="1.0" encoding="UTF-8"?>
<testsuite xmlns:xsi="http://www.w3.org/2001/XMLSchema-instance" xsi:noNamespaceSchemaLocation="https://maven.apache.org/surefire/maven-surefire-plugin/xsd/surefire-test-report.xsd" name="service.ServiceTest" time="0.338" tests="9" errors="0" skipped="0" failures="0">
  <properties>
[...]
</properties>
  <testcase name="deleteStudents_ShouldDeleteExistingStudents{Student, Boolean}[1]" classname="service.ServiceTest" time="0.168"/>
  <testcase name="saveStudent{Student, Boolean}[1]" classname="service.ServiceTest" time="0.017"/>
  <testcase name="saveStudent{Student, Boolean}[2]" classname="service.ServiceTest" time="0.014"/>
  <testcase name="saveStudent{Student, Boolean}[3]" classname="service.ServiceTest" time="0.012"/>
  <testcase name="saveStudent{Student, Boolean}[4]" classname="service.ServiceTest" time="0.011"/>
  <testcase name="saveStudent{Student, Boolean}[5]" classname="service.ServiceTest" time="0.009"/>
  <testcase name="findAllStudents" classname="service.ServiceTest" time="0.01"/>
  <testcase name="updateStudent_ShouldUpdateExistingStudent" classname="service.ServiceTest" time="0.014"/>
  <testcase name="deleteHomework_ShouldDeleteExistingHomework" classname="service.ServiceTest" time="0.023"/>
</testsuite>