<?xml version="1.0" encoding="UTF-8"?>
<testsuite xmlns:xsi="http://www.w3.org/2001/XMLSchema-instance" xsi:noNamespaceSchemaLocation="https://maven.apache.org/surefire/maven-surefire-plugin/xsd/surefire-test-report.xsd" name="service.ServiceMockTest" time="0.526" tests="4" errors="0" skipped="0" failures="0">
  <properties>
[...]
</properties>
  <testcase name="findAllStudents" classname="service.ServiceMockTest" time="0.515"/>
  <testcase name="saveHomework_shouldReturn0" classname="service.ServiceMockTest" time="0.002"/>
  <testcase name="updateStudent_shouldReturn1" classname="service.ServiceMockTest" time="0.003"/>
  <testcase name="deleteStudent_shouldReturn0" classname="service.ServiceMockTest" time="0.002"/>
</testsuite>